2020-Mar-15 15:43:37,714 [main] TC1 
  INFO  login Succesful
2020-Mar-15 15:43:37,720 [Forwarding setTimeout on session 8c7e409f760bf6930212a8db0df8054e to remote] org.apache.http.client.protocol.RequestAddCookies 
  DEBUG CookieSpec selected: default
2020-Mar-15 15:43:37,721 [Forwarding setTimeout on session 8c7e409f760bf6930212a8db0df8054e to remote] org.apache.http.client.protocol.RequestAuthCache 
  DEBUG Auth cache not set in the context
2020-Mar-15 15:43:37,721 [Forwarding setTimeout on session 8c7e409f760bf6930212a8db0df8054e to remote] org.apache.http.impl.conn.PoolingHttpClientConnectionManager 
  DEBUG Connection request: [route: {}->http://localhost:1891][total kept alive: 1; route allocated: 1 of 2000; total allocated: 1 of 2000]
2020-Mar-15 15:43:37,721 [Forwarding setTimeout on session 8c7e409f760bf6930212a8db0df8054e to remote] org.apache.http.impl.conn.PoolingHttpClientConnectionManager 
  DEBUG Connection leased: [id: 0][route: {}->http://localhost:1891][total kept alive: 0; route allocated: 1 of 2000; total allocated: 1 of 2000]
2020-Mar-15 15:43:37,721 [Forwarding setTimeout on session 8c7e409f760bf6930212a8db0df8054e to remote] org.apache.http.impl.execchain.MainClientExec 
  DEBUG Stale connection check
2020-Mar-15 15:43:37,722 [Forwarding setTimeout on session 8c7e409f760bf6930212a8db0df8054e to remote] org.apache.http.wire 
  DEBUG http-outgoing-0 << "[read] I/O error: Read timed out"
2020-Mar-15 15:43:37,723 [Forwarding setTimeout on session 8c7e409f760bf6930212a8db0df8054e to remote] org.apache.http.impl.conn.DefaultManagedHttpClientConnection 
  DEBUG http-outgoing-0: set socket timeout to 10800000
2020-Mar-15 15:43:37,724 [Forwarding setTimeout on session 8c7e409f760bf6930212a8db0df8054e to remote] org.apache.http.impl.execchain.MainClientExec 
  DEBUG Executing request POST /session/8c7e409f760bf6930212a8db0df8054e/timeouts HTTP/1.1
2020-Mar-15 15:43:37,724 [Forwarding setTimeout on session 8c7e409f760bf6930212a8db0df8054e to remote] org.apache.http.impl.execchain.MainClientExec 
  DEBUG Target auth state: UNCHALLENGED
2020-Mar-15 15:43:37,724 [Forwarding setTimeout on session 8c7e409f760bf6930212a8db0df8054e to remote] org.apache.http.impl.execchain.MainClientExec 
  DEBUG Proxy auth state: UNCHALLENGED
2020-Mar-15 15:43:37,724 [Forwarding setTimeout on session 8c7e409f760bf6930212a8db0df8054e to remote] org.apache.http.headers 
  DEBUG http-outgoing-0 >> POST /session/8c7e409f760bf6930212a8db0df8054e/timeouts HTTP/1.1
2020-Mar-15 15:43:37,724 [Forwarding setTimeout on session 8c7e409f760bf6930212a8db0df8054e to remote] org.apache.http.headers 
  DEBUG http-outgoing-0 >> Content-Type: application/json; charset=utf-8
2020-Mar-15 15:43:37,724 [Forwarding setTimeout on session 8c7e409f760bf6930212a8db0df8054e to remote] org.apache.http.headers 
  DEBUG http-outgoing-0 >> Content-Length: 29
2020-Mar-15 15:43:37,724 [Forwarding setTimeout on session 8c7e409f760bf6930212a8db0df8054e to remote] org.apache.http.headers 
  DEBUG http-outgoing-0 >> Host: localhost:1891
2020-Mar-15 15:43:37,724 [Forwarding setTimeout on session 8c7e409f760bf6930212a8db0df8054e to remote] org.apache.http.headers 
  DEBUG http-outgoing-0 >> Connection: Keep-Alive
2020-Mar-15 15:43:37,724 [Forwarding setTimeout on session 8c7e409f760bf6930212a8db0df8054e to remote] org.apache.http.headers 
  DEBUG http-outgoing-0 >> User-Agent: Apache-HttpClient/4.5.1 (Java/1.8.0_171)
2020-Mar-15 15:43:37,724 [Forwarding setTimeout on session 8c7e409f760bf6930212a8db0df8054e to remote] org.apache.http.headers 
  DEBUG http-outgoing-0 >> Accept-Encoding: gzip,deflate
2020-Mar-15 15:43:37,724 [Forwarding setTimeout on session 8c7e409f760bf6930212a8db0df8054e to remote] org.apache.http.wire 
  DEBUG http-outgoing-0 >> "POST /session/8c7e409f760bf6930212a8db0df8054e/timeouts HTTP/1.1[\r][\n]"
2020-Mar-15 15:43:37,724 [Forwarding setTimeout on session 8c7e409f760bf6930212a8db0df8054e to remote] org.apache.http.wire 
  DEBUG http-outgoing-0 >> "Content-Type: application/json; charset=utf-8[\r][\n]"
2020-Mar-15 15:43:37,724 [Forwarding setTimeout on session 8c7e409f760bf6930212a8db0df8054e to remote] org.apache.http.wire 
  DEBUG http-outgoing-0 >> "Content-Length: 29[\r][\n]"
2020-Mar-15 15:43:37,725 [Forwarding setTimeout on session 8c7e409f760bf6930212a8db0df8054e to remote] org.apache.http.wire 
  DEBUG http-outgoing-0 >> "Host: localhost:1891[\r][\n]"
2020-Mar-15 15:43:37,725 [Forwarding setTimeout on session 8c7e409f760bf6930212a8db0df8054e to remote] org.apache.http.wire 
  DEBUG http-outgoing-0 >> "Connection: Keep-Alive[\r][\n]"
2020-Mar-15 15:43:37,725 [Forwarding setTimeout on session 8c7e409f760bf6930212a8db0df8054e to remote] org.apache.http.wire 
  DEBUG http-outgoing-0 >> "User-Agent: Apache-HttpClient/4.5.1 (Java/1.8.0_171)[\r][\n]"
2020-Mar-15 15:43:37,725 [Forwarding setTimeout on session 8c7e409f760bf6930212a8db0df8054e to remote] org.apache.http.wire 
  DEBUG http-outgoing-0 >> "Accept-Encoding: gzip,deflate[\r][\n]"
2020-Mar-15 15:43:37,725 [Forwarding setTimeout on session 8c7e409f760bf6930212a8db0df8054e to remote] org.apache.http.wire 
  DEBUG http-outgoing-0 >> "[\r][\n]"
2020-Mar-15 15:43:37,725 [Forwarding setTimeout on session 8c7e409f760bf6930212a8db0df8054e to remote] org.apache.http.wire 
  DEBUG http-outgoing-0 >> "{"type":"implicit","ms":5000}"
2020-Mar-15 15:43:37,727 [Forwarding setTimeout on session 8c7e409f760bf6930212a8db0df8054e to remote] org.apache.http.wire 
  DEBUG http-outgoing-0 << "HTTP/1.1 200 OK[\r][\n]"
2020-Mar-15 15:43:37,727 [Forwarding setTimeout on session 8c7e409f760bf6930212a8db0df8054e to remote] org.apache.http.wire 
  DEBUG http-outgoing-0 << "Content-Length:72[\r][\n]"
2020-Mar-15 15:43:37,727 [Forwarding setTimeout on session 8c7e409f760bf6930212a8db0df8054e to remote] org.apache.http.wire 
  DEBUG http-outgoing-0 << "Content-Type:application/json; charset=utf-8[\r][\n]"
2020-Mar-15 15:43:37,727 [Forwarding setTimeout on session 8c7e409f760bf6930212a8db0df8054e to remote] org.apache.http.wire 
  DEBUG http-outgoing-0 << "[\r][\n]"
2020-Mar-15 15:43:37,727 [Forwarding setTimeout on session 8c7e409f760bf6930212a8db0df8054e to remote] org.apache.http.wire 
  DEBUG http-outgoing-0 << "{"sessionId":"8c7e409f760bf6930212a8db0df8054e","status":0,"value":null}"
2020-Mar-15 15:43:37,728 [Forwarding setTimeout on session 8c7e409f760bf6930212a8db0df8054e to remote] org.apache.http.headers 
  DEBUG http-outgoing-0 << HTTP/1.1 200 OK
2020-Mar-15 15:43:37,728 [Forwarding setTimeout on session 8c7e409f760bf6930212a8db0df8054e to remote] org.apache.http.headers 
  DEBUG http-outgoing-0 << Content-Length:72
2020-Mar-15 15:43:37,728 [Forwarding setTimeout on session 8c7e409f760bf6930212a8db0df8054e to remote] org.apache.http.headers 
  DEBUG http-outgoing-0 << Content-Type:application/json; charset=utf-8
2020-Mar-15 15:43:37,728 [Forwarding setTimeout on session 8c7e409f760bf6930212a8db0df8054e to remote] org.apache.http.impl.execchain.MainClientExec 
  DEBUG Connection can be kept alive indefinitely
2020-Mar-15 15:43:37,728 [Forwarding setTimeout on session 8c7e409f760bf6930212a8db0df8054e to remote] org.apache.http.impl.conn.PoolingHttpClientConnectionManager 
  DEBUG Connection [id: 0][route: {}->http://localhost:1891] can be kept alive indefinitely
2020-Mar-15 15:43:37,728 [Forwarding setTimeout on session 8c7e409f760bf6930212a8db0df8054e to remote] org.apache.http.impl.conn.PoolingHttpClientConnectionManager 
  DEBUG Connection released: [id: 0][route: {}->http://localhost:1891][total kept alive: 1; route allocated: 1 of 2000; total allocated: 1 of 2000]
2020-Mar-15 15:43:37,730 [Forwarding findElement on session 8c7e409f760bf6930212a8db0df8054e to remote] org.apache.http.client.protocol.RequestAddCookies 
  DEBUG CookieSpec selected: default
2020-Mar-15 15:43:37,730 [Forwarding findElement on session 8c7e409f760bf6930212a8db0df8054e to remote] org.apache.http.client.protocol.RequestAuthCache 
  DEBUG Auth cache not set in the context
2020-Mar-15 15:43:37,730 [Forwarding findElement on session 8c7e409f760bf6930212a8db0df8054e to remote] org.apache.http.impl.conn.PoolingHttpClientConnectionManager 
  DEBUG Connection request: [route: {}->http://localhost:1891][total kept alive: 1; route allocated: 1 of 2000; total allocated: 1 of 2000]
2020-Mar-15 15:43:37,730 [Forwarding findElement on session 8c7e409f760bf6930212a8db0df8054e to remote] org.apache.http.impl.conn.PoolingHttpClientConnectionManager 
  DEBUG Connection leased: [id: 0][route: {}->http://localhost:1891][total kept alive: 0; route allocated: 1 of 2000; total allocated: 1 of 2000]
2020-Mar-15 15:43:37,730 [Forwarding findElement on session 8c7e409f760bf6930212a8db0df8054e to remote] org.apache.http.impl.execchain.MainClientExec 
  DEBUG Stale connection check
2020-Mar-15 15:43:37,731 [Forwarding findElement on session 8c7e409f760bf6930212a8db0df8054e to remote] org.apache.http.wire 
  DEBUG http-outgoing-0 << "[read] I/O error: Read timed out"
2020-Mar-15 15:43:37,731 [Forwarding findElement on session 8c7e409f760bf6930212a8db0df8054e to remote] org.apache.http.impl.conn.DefaultManagedHttpClientConnection 
  DEBUG http-outgoing-0: set socket timeout to 10800000
2020-Mar-15 15:43:37,731 [Forwarding findElement on session 8c7e409f760bf6930212a8db0df8054e to remote] org.apache.http.impl.execchain.MainClientExec 
  DEBUG Executing request POST /session/8c7e409f760bf6930212a8db0df8054e/element HTTP/1.1
2020-Mar-15 15:43:37,731 [Forwarding findElement on session 8c7e409f760bf6930212a8db0df8054e to remote] org.apache.http.impl.execchain.MainClientExec 
  DEBUG Target auth state: UNCHALLENGED
2020-Mar-15 15:43:37,731 [Forwarding findElement on session 8c7e409f760bf6930212a8db0df8054e to remote] org.apache.http.impl.execchain.MainClientExec 
  DEBUG Proxy auth state: UNCHALLENGED
2020-Mar-15 15:43:37,731 [Forwarding findElement on session 8c7e409f760bf6930212a8db0df8054e to remote] org.apache.http.headers 
  DEBUG http-outgoing-0 >> POST /session/8c7e409f760bf6930212a8db0df8054e/element HTTP/1.1
2020-Mar-15 15:43:37,731 [Forwarding findElement on session 8c7e409f760bf6930212a8db0df8054e to remote] org.apache.http.headers 
  DEBUG http-outgoing-0 >> Content-Type: application/json; charset=utf-8
2020-Mar-15 15:43:37,731 [Forwarding findElement on session 8c7e409f760bf6930212a8db0df8054e to remote] org.apache.http.headers 
  DEBUG http-outgoing-0 >> Content-Length: 111
2020-Mar-15 15:43:37,731 [Forwarding findElement on session 8c7e409f760bf6930212a8db0df8054e to remote] org.apache.http.headers 
  DEBUG http-outgoing-0 >> Host: localhost:1891
2020-Mar-15 15:43:37,731 [Forwarding findElement on session 8c7e409f760bf6930212a8db0df8054e to remote] org.apache.http.headers 
  DEBUG http-outgoing-0 >> Connection: Keep-Alive
2020-Mar-15 15:43:37,731 [Forwarding findElement on session 8c7e409f760bf6930212a8db0df8054e to remote] org.apache.http.headers 
  DEBUG http-outgoing-0 >> User-Agent: Apache-HttpClient/4.5.1 (Java/1.8.0_171)
2020-Mar-15 15:43:37,732 [Forwarding findElement on session 8c7e409f760bf6930212a8db0df8054e to remote] org.apache.http.headers 
  DEBUG http-outgoing-0 >> Accept-Encoding: gzip,deflate
2020-Mar-15 15:43:37,732 [Forwarding findElement on session 8c7e409f760bf6930212a8db0df8054e to remote] org.apache.http.wire 
  DEBUG http-outgoing-0 >> "POST /session/8c7e409f760bf6930212a8db0df8054e/element HTTP/1.1[\r][\n]"
2020-Mar-15 15:43:37,732 [Forwarding findElement on session 8c7e409f760bf6930212a8db0df8054e to remote] org.apache.http.wire 
  DEBUG http-outgoing-0 >> "Content-Type: application/json; charset=utf-8[\r][\n]"
2020-Mar-15 15:43:37,732 [Forwarding findElement on session 8c7e409f760bf6930212a8db0df8054e to remote] org.apache.http.wire 
  DEBUG http-outgoing-0 >> "Content-Length: 111[\r][\n]"
2020-Mar-15 15:43:37,732 [Forwarding findElement on session 8c7e409f760bf6930212a8db0df8054e to remote] org.apache.http.wire 
  DEBUG http-outgoing-0 >> "Host: localhost:1891[\r][\n]"
2020-Mar-15 15:43:37,732 [Forwarding findElement on session 8c7e409f760bf6930212a8db0df8054e to remote] org.apache.http.wire 
  DEBUG http-outgoing-0 >> "Connection: Keep-Alive[\r][\n]"
2020-Mar-15 15:43:37,732 [Forwarding findElement on session 8c7e409f760bf6930212a8db0df8054e to remote] org.apache.http.wire 
  DEBUG http-outgoing-0 >> "User-Agent: Apache-HttpClient/4.5.1 (Java/1.8.0_171)[\r][\n]"
2020-Mar-15 15:43:37,732 [Forwarding findElement on session 8c7e409f760bf6930212a8db0df8054e to remote] org.apache.http.wire 
  DEBUG http-outgoing-0 >> "Accept-Encoding: gzip,deflate[\r][\n]"
2020-Mar-15 15:43:37,732 [Forwarding findElement on session 8c7e409f760bf6930212a8db0df8054e to remote] org.apache.http.wire 
  DEBUG http-outgoing-0 >> "[\r][\n]"
2020-Mar-15 15:43:37,732 [Forwarding findElement on session 8c7e409f760bf6930212a8db0df8054e to remote] org.apache.http.wire 
  DEBUG http-outgoing-0 >> "{"using":"xpath","value":"//button[@aria-label='Account profile photo that opens list of alternate accounts']"}"
2020-Mar-15 15:43:37,753 [Forwarding findElement on session 8c7e409f760bf6930212a8db0df8054e to remote] org.apache.http.wire 
  DEBUG http-outgoing-0 << "HTTP/1.1 200 OK[\r][\n]"
2020-Mar-15 15:43:37,753 [Forwarding findElement on session 8c7e409f760bf6930212a8db0df8054e to remote] org.apache.http.wire 
  DEBUG http-outgoing-0 << "Content-Length:102[\r][\n]"
2020-Mar-15 15:43:37,753 [Forwarding findElement on session 8c7e409f760bf6930212a8db0df8054e to remote] org.apache.http.wire 
  DEBUG http-outgoing-0 << "Content-Type:application/json; charset=utf-8[\r][\n]"
2020-Mar-15 15:43:37,753 [Forwarding findElement on session 8c7e409f760bf6930212a8db0df8054e to remote] org.apache.http.wire 
  DEBUG http-outgoing-0 << "[\r][\n]"
2020-Mar-15 15:43:37,754 [Forwarding findElement on session 8c7e409f760bf6930212a8db0df8054e to remote] org.apache.http.wire 
  DEBUG http-outgoing-0 << "{"sessionId":"8c7e409f760bf6930212a8db0df8054e","status":0,"value":{"ELEMENT":"0.6387784624635222-1"}}"
2020-Mar-15 15:43:37,754 [Forwarding findElement on session 8c7e409f760bf6930212a8db0df8054e to remote] org.apache.http.headers 
  DEBUG http-outgoing-0 << HTTP/1.1 200 OK
2020-Mar-15 15:43:37,754 [Forwarding findElement on session 8c7e409f760bf6930212a8db0df8054e to remote] org.apache.http.headers 
  DEBUG http-outgoing-0 << Content-Length:102
2020-Mar-15 15:43:37,754 [Forwarding findElement on session 8c7e409f760bf6930212a8db0df8054e to remote] org.apache.http.headers 
  DEBUG http-outgoing-0 << Content-Type:application/json; charset=utf-8
2020-Mar-15 15:43:37,754 [Forwarding findElement on session 8c7e409f760bf6930212a8db0df8054e to remote] org.apache.http.impl.execchain.MainClientExec 
  DEBUG Connection can be kept alive indefinitely
2020-Mar-15 15:43:37,754 [Forwarding findElement on session 8c7e409f760bf6930212a8db0df8054e to remote] org.apache.http.impl.conn.PoolingHttpClientConnectionManager 
  DEBUG Connection [id: 0][route: {}->http://localhost:1891] can be kept alive indefinitely
2020-Mar-15 15:43:37,754 [Forwarding findElement on session 8c7e409f760bf6930212a8db0df8054e to remote] org.apache.http.impl.conn.PoolingHttpClientConnectionManager 
  DEBUG Connection released: [id: 0][route: {}->http://localhost:1891][total kept alive: 1; route allocated: 1 of 2000; total allocated: 1 of 2000]
2020-Mar-15 15:43:37,755 [Forwarding clickElement on session 8c7e409f760bf6930212a8db0df8054e to remote] org.apache.http.client.protocol.RequestAddCookies 
  DEBUG CookieSpec selected: default
2020-Mar-15 15:43:37,756 [Forwarding clickElement on session 8c7e409f760bf6930212a8db0df8054e to remote] org.apache.http.client.protocol.RequestAuthCache 
  DEBUG Auth cache not set in the context
2020-Mar-15 15:43:37,756 [Forwarding clickElement on session 8c7e409f760bf6930212a8db0df8054e to remote] org.apache.http.impl.conn.PoolingHttpClientConnectionManager 
  DEBUG Connection request: [route: {}->http://localhost:1891][total kept alive: 1; route allocated: 1 of 2000; total allocated: 1 of 2000]
2020-Mar-15 15:43:37,756 [Forwarding clickElement on session 8c7e409f760bf6930212a8db0df8054e to remote] org.apache.http.impl.conn.PoolingHttpClientConnectionManager 
  DEBUG Connection leased: [id: 0][route: {}->http://localhost:1891][total kept alive: 0; route allocated: 1 of 2000; total allocated: 1 of 2000]
2020-Mar-15 15:43:37,756 [Forwarding clickElement on session 8c7e409f760bf6930212a8db0df8054e to remote] org.apache.http.impl.execchain.MainClientExec 
  DEBUG Stale connection check
2020-Mar-15 15:43:37,757 [Forwarding clickElement on session 8c7e409f760bf6930212a8db0df8054e to remote] org.apache.http.wire 
  DEBUG http-outgoing-0 << "[read] I/O error: Read timed out"
2020-Mar-15 15:43:37,757 [Forwarding clickElement on session 8c7e409f760bf6930212a8db0df8054e to remote] org.apache.http.impl.conn.DefaultManagedHttpClientConnection 
  DEBUG http-outgoing-0: set socket timeout to 10800000
2020-Mar-15 15:43:37,757 [Forwarding clickElement on session 8c7e409f760bf6930212a8db0df8054e to remote] org.apache.http.impl.execchain.MainClientExec 
  DEBUG Executing request POST /session/8c7e409f760bf6930212a8db0df8054e/element/0.6387784624635222-1/click HTTP/1.1
2020-Mar-15 15:43:37,757 [Forwarding clickElement on session 8c7e409f760bf6930212a8db0df8054e to remote] org.apache.http.impl.execchain.MainClientExec 
  DEBUG Target auth state: UNCHALLENGED
2020-Mar-15 15:43:37,757 [Forwarding clickElement on session 8c7e409f760bf6930212a8db0df8054e to remote] org.apache.http.impl.execchain.MainClientExec 
  DEBUG Proxy auth state: UNCHALLENGED
2020-Mar-15 15:43:37,757 [Forwarding clickElement on session 8c7e409f760bf6930212a8db0df8054e to remote] org.apache.http.headers 
  DEBUG http-outgoing-0 >> POST /session/8c7e409f760bf6930212a8db0df8054e/element/0.6387784624635222-1/click HTTP/1.1
2020-Mar-15 15:43:37,757 [Forwarding clickElement on session 8c7e409f760bf6930212a8db0df8054e to remote] org.apache.http.headers 
  DEBUG http-outgoing-0 >> Content-Type: application/json; charset=utf-8
2020-Mar-15 15:43:37,757 [Forwarding clickElement on session 8c7e409f760bf6930212a8db0df8054e to remote] org.apache.http.headers 
  DEBUG http-outgoing-0 >> Content-Length: 29
2020-Mar-15 15:43:37,757 [Forwarding clickElement on session 8c7e409f760bf6930212a8db0df8054e to remote] org.apache.http.headers 
  DEBUG http-outgoing-0 >> Host: localhost:1891
2020-Mar-15 15:43:37,757 [Forwarding clickElement on session 8c7e409f760bf6930212a8db0df8054e to remote] org.apache.http.headers 
  DEBUG http-outgoing-0 >> Connection: Keep-Alive
2020-Mar-15 15:43:37,758 [Forwarding clickElement on session 8c7e409f760bf6930212a8db0df8054e to remote] org.apache.http.headers 
  DEBUG http-outgoing-0 >> User-Agent: Apache-HttpClient/4.5.1 (Java/1.8.0_171)
2020-Mar-15 15:43:37,758 [Forwarding clickElement on session 8c7e409f760bf6930212a8db0df8054e to remote] org.apache.http.headers 
  DEBUG http-outgoing-0 >> Accept-Encoding: gzip,deflate
2020-Mar-15 15:43:37,758 [Forwarding clickElement on session 8c7e409f760bf6930212a8db0df8054e to remote] org.apache.http.wire 
  DEBUG http-outgoing-0 >> "POST /session/8c7e409f760bf6930212a8db0df8054e/element/0.6387784624635222-1/click HTTP/1.1[\r][\n]"
2020-Mar-15 15:43:37,758 [Forwarding clickElement on session 8c7e409f760bf6930212a8db0df8054e to remote] org.apache.http.wire 
  DEBUG http-outgoing-0 >> "Content-Type: application/json; charset=utf-8[\r][\n]"
2020-Mar-15 15:43:37,758 [Forwarding clickElement on session 8c7e409f760bf6930212a8db0df8054e to remote] org.apache.http.wire 
  DEBUG http-outgoing-0 >> "Content-Length: 29[\r][\n]"
2020-Mar-15 15:43:37,758 [Forwarding clickElement on session 8c7e409f760bf6930212a8db0df8054e to remote] org.apache.http.wire 
  DEBUG http-outgoing-0 >> "Host: localhost:1891[\r][\n]"
2020-Mar-15 15:43:37,758 [Forwarding clickElement on session 8c7e409f760bf6930212a8db0df8054e to remote] org.apache.http.wire 
  DEBUG http-outgoing-0 >> "Connection: Keep-Alive[\r][\n]"
2020-Mar-15 15:43:37,758 [Forwarding clickElement on session 8c7e409f760bf6930212a8db0df8054e to remote] org.apache.http.wire 
  DEBUG http-outgoing-0 >> "User-Agent: Apache-HttpClient/4.5.1 (Java/1.8.0_171)[\r][\n]"
2020-Mar-15 15:43:37,758 [Forwarding clickElement on session 8c7e409f760bf6930212a8db0df8054e to remote] org.apache.http.wire 
  DEBUG http-outgoing-0 >> "Accept-Encoding: gzip,deflate[\r][\n]"
2020-Mar-15 15:43:37,758 [Forwarding clickElement on session 8c7e409f760bf6930212a8db0df8054e to remote] org.apache.http.wire 
  DEBUG http-outgoing-0 >> "[\r][\n]"
2020-Mar-15 15:43:37,758 [Forwarding clickElement on session 8c7e409f760bf6930212a8db0df8054e to remote] org.apache.http.wire 
  DEBUG http-outgoing-0 >> "{"id":"0.6387784624635222-1"}"
2020-Mar-15 15:43:37,891 [Forwarding clickElement on session 8c7e409f760bf6930212a8db0df8054e to remote] org.apache.http.wire 
  DEBUG http-outgoing-0 << "HTTP/1.1 200 OK[\r][\n]"
2020-Mar-15 15:43:37,892 [Forwarding clickElement on session 8c7e409f760bf6930212a8db0df8054e to remote] org.apache.http.wire 
  DEBUG http-outgoing-0 << "Content-Length:72[\r][\n]"
2020-Mar-15 15:43:37,892 [Forwarding clickElement on session 8c7e409f760bf6930212a8db0df8054e to remote] org.apache.http.wire 
  DEBUG http-outgoing-0 << "Content-Type:application/json; charset=utf-8[\r][\n]"
2020-Mar-15 15:43:37,892 [Forwarding clickElement on session 8c7e409f760bf6930212a8db0df8054e to remote] org.apache.http.wire 
  DEBUG http-outgoing-0 << "[\r][\n]"
2020-Mar-15 15:43:37,892 [Forwarding clickElement on session 8c7e409f760bf6930212a8db0df8054e to remote] org.apache.http.wire 
  DEBUG http-outgoing-0 << "{"sessionId":"8c7e409f760bf6930212a8db0df8054e","status":0,"value":null}"
2020-Mar-15 15:43:37,892 [Forwarding clickElement on session 8c7e409f760bf6930212a8db0df8054e to remote] org.apache.http.headers 
  DEBUG http-outgoing-0 << HTTP/1.1 200 OK
2020-Mar-15 15:43:37,892 [Forwarding clickElement on session 8c7e409f760bf6930212a8db0df8054e to remote] org.apache.http.headers 
  DEBUG http-outgoing-0 << Content-Length:72
2020-Mar-15 15:43:37,892 [Forwarding clickElement on session 8c7e409f760bf6930212a8db0df8054e to remote] org.apache.http.headers 
  DEBUG http-outgoing-0 << Content-Type:application/json; charset=utf-8
2020-Mar-15 15:43:37,893 [Forwarding clickElement on session 8c7e409f760bf6930212a8db0df8054e to remote] org.apache.http.impl.execchain.MainClientExec 
  DEBUG Connection can be kept alive indefinitely
2020-Mar-15 15:43:37,893 [Forwarding clickElement on session 8c7e409f760bf6930212a8db0df8054e to remote] org.apache.http.impl.conn.PoolingHttpClientConnectionManager 
  DEBUG Connection [id: 0][route: {}->http://localhost:1891] can be kept alive indefinitely
2020-Mar-15 15:43:37,893 [Forwarding clickElement on session 8c7e409f760bf6930212a8db0df8054e to remote] org.apache.http.impl.conn.PoolingHttpClientConnectionManager 
  DEBUG Connection released: [id: 0][route: {}->http://localhost:1891][total kept alive: 1; route allocated: 1 of 2000; total allocated: 1 of 2000]
2020-Mar-15 15:43:37,895 [Forwarding findElement on session 8c7e409f760bf6930212a8db0df8054e to remote] org.apache.http.client.protocol.RequestAddCookies 
  DEBUG CookieSpec selected: default
2020-Mar-15 15:43:37,895 [Forwarding findElement on session 8c7e409f760bf6930212a8db0df8054e to remote] org.apache.http.client.protocol.RequestAuthCache 
  DEBUG Auth cache not set in the context
2020-Mar-15 15:43:37,895 [Forwarding findElement on session 8c7e409f760bf6930212a8db0df8054e to remote] org.apache.http.impl.conn.PoolingHttpClientConnectionManager 
  DEBUG Connection request: [route: {}->http://localhost:1891][total kept alive: 1; route allocated: 1 of 2000; total allocated: 1 of 2000]
2020-Mar-15 15:43:37,896 [Forwarding findElement on session 8c7e409f760bf6930212a8db0df8054e to remote] org.apache.http.impl.conn.PoolingHttpClientConnectionManager 
  DEBUG Connection leased: [id: 0][route: {}->http://localhost:1891][total kept alive: 0; route allocated: 1 of 2000; total allocated: 1 of 2000]
2020-Mar-15 15:43:37,896 [Forwarding findElement on session 8c7e409f760bf6930212a8db0df8054e to remote] org.apache.http.impl.execchain.MainClientExec 
  DEBUG Stale connection check
2020-Mar-15 15:43:37,897 [Forwarding findElement on session 8c7e409f760bf6930212a8db0df8054e to remote] org.apache.http.wire 
  DEBUG http-outgoing-0 << "[read] I/O error: Read timed out"
2020-Mar-15 15:43:37,897 [Forwarding findElement on session 8c7e409f760bf6930212a8db0df8054e to remote] org.apache.http.impl.conn.DefaultManagedHttpClientConnection 
  DEBUG http-outgoing-0: set socket timeout to 10800000
2020-Mar-15 15:43:37,897 [Forwarding findElement on session 8c7e409f760bf6930212a8db0df8054e to remote] org.apache.http.impl.execchain.MainClientExec 
  DEBUG Executing request POST /session/8c7e409f760bf6930212a8db0df8054e/element HTTP/1.1
2020-Mar-15 15:43:37,897 [Forwarding findElement on session 8c7e409f760bf6930212a8db0df8054e to remote] org.apache.http.impl.execchain.MainClientExec 
  DEBUG Target auth state: UNCHALLENGED
2020-Mar-15 15:43:37,897 [Forwarding findElement on session 8c7e409f760bf6930212a8db0df8054e to remote] org.apache.http.impl.execchain.MainClientExec 
  DEBUG Proxy auth state: UNCHALLENGED
2020-Mar-15 15:43:37,897 [Forwarding findElement on session 8c7e409f760bf6930212a8db0df8054e to remote] org.apache.http.headers 
  DEBUG http-outgoing-0 >> POST /session/8c7e409f760bf6930212a8db0df8054e/element HTTP/1.1
2020-Mar-15 15:43:37,897 [Forwarding findElement on session 8c7e409f760bf6930212a8db0df8054e to remote] org.apache.http.headers 
  DEBUG http-outgoing-0 >> Content-Type: application/json; charset=utf-8
2020-Mar-15 15:43:37,898 [Forwarding findElement on session 8c7e409f760bf6930212a8db0df8054e to remote] org.apache.http.headers 
  DEBUG http-outgoing-0 >> Content-Length: 68
2020-Mar-15 15:43:37,898 [Forwarding findElement on session 8c7e409f760bf6930212a8db0df8054e to remote] org.apache.http.headers 
  DEBUG http-outgoing-0 >> Host: localhost:1891
2020-Mar-15 15:43:37,898 [Forwarding findElement on session 8c7e409f760bf6930212a8db0df8054e to remote] org.apache.http.headers 
  DEBUG http-outgoing-0 >> Connection: Keep-Alive
2020-Mar-15 15:43:37,898 [Forwarding findElement on session 8c7e409f760bf6930212a8db0df8054e to remote] org.apache.http.headers 
  DEBUG http-outgoing-0 >> User-Agent: Apache-HttpClient/4.5.1 (Java/1.8.0_171)
2020-Mar-15 15:43:37,898 [Forwarding findElement on session 8c7e409f760bf6930212a8db0df8054e to remote] org.apache.http.headers 
  DEBUG http-outgoing-0 >> Accept-Encoding: gzip,deflate
2020-Mar-15 15:43:37,898 [Forwarding findElement on session 8c7e409f760bf6930212a8db0df8054e to remote] org.apache.http.wire 
  DEBUG http-outgoing-0 >> "POST /session/8c7e409f760bf6930212a8db0df8054e/element HTTP/1.1[\r][\n]"
2020-Mar-15 15:43:37,898 [Forwarding findElement on session 8c7e409f760bf6930212a8db0df8054e to remote] org.apache.http.wire 
  DEBUG http-outgoing-0 >> "Content-Type: application/json; charset=utf-8[\r][\n]"
2020-Mar-15 15:43:37,898 [Forwarding findElement on session 8c7e409f760bf6930212a8db0df8054e to remote] org.apache.http.wire 
  DEBUG http-outgoing-0 >> "Content-Length: 68[\r][\n]"
2020-Mar-15 15:43:37,898 [Forwarding findElement on session 8c7e409f760bf6930212a8db0df8054e to remote] org.apache.http.wire 
  DEBUG http-outgoing-0 >> "Host: localhost:1891[\r][\n]"
2020-Mar-15 15:43:37,898 [Forwarding findElement on session 8c7e409f760bf6930212a8db0df8054e to remote] org.apache.http.wire 
  DEBUG http-outgoing-0 >> "Connection: Keep-Alive[\r][\n]"
2020-Mar-15 15:43:37,898 [Forwarding findElement on session 8c7e409f760bf6930212a8db0df8054e to remote] org.apache.http.wire 
  DEBUG http-outgoing-0 >> "User-Agent: Apache-HttpClient/4.5.1 (Java/1.8.0_171)[\r][\n]"
2020-Mar-15 15:43:37,898 [Forwarding findElement on session 8c7e409f760bf6930212a8db0df8054e to remote] org.apache.http.wire 
  DEBUG http-outgoing-0 >> "Accept-Encoding: gzip,deflate[\r][\n]"
2020-Mar-15 15:43:37,898 [Forwarding findElement on session 8c7e409f760bf6930212a8db0df8054e to remote] org.apache.http.wire 
  DEBUG http-outgoing-0 >> "[\r][\n]"
2020-Mar-15 15:43:37,898 [Forwarding findElement on session 8c7e409f760bf6930212a8db0df8054e to remote] org.apache.http.wire 
  DEBUG http-outgoing-0 >> "{"using":"xpath","value":"//yt-formatted-string[text()='Sign out']"}"
2020-Mar-15 15:43:38,724 [Forwarding findElement on session 8c7e409f760bf6930212a8db0df8054e to remote] org.apache.http.wire 
  DEBUG http-outgoing-0 << "HTTP/1.1 200 OK[\r][\n]"
2020-Mar-15 15:43:38,724 [Forwarding findElement on session 8c7e409f760bf6930212a8db0df8054e to remote] org.apache.http.wire 
  DEBUG http-outgoing-0 << "Content-Length:102[\r][\n]"
2020-Mar-15 15:43:38,724 [Forwarding findElement on session 8c7e409f760bf6930212a8db0df8054e to remote] org.apache.http.wire 
  DEBUG http-outgoing-0 << "Content-Type:application/json; charset=utf-8[\r][\n]"
2020-Mar-15 15:43:38,724 [Forwarding findElement on session 8c7e409f760bf6930212a8db0df8054e to remote] org.apache.http.wire 
  DEBUG http-outgoing-0 << "[\r][\n]"
2020-Mar-15 15:43:38,724 [Forwarding findElement on session 8c7e409f760bf6930212a8db0df8054e to remote] org.apache.http.wire 
  DEBUG http-outgoing-0 << "{"sessionId":"8c7e409f760bf6930212a8db0df8054e","status":0,"value":{"ELEMENT":"0.6387784624635222-2"}}"
2020-Mar-15 15:43:38,725 [Forwarding findElement on session 8c7e409f760bf6930212a8db0df8054e to remote] org.apache.http.headers 
  DEBUG http-outgoing-0 << HTTP/1.1 200 OK
2020-Mar-15 15:43:38,725 [Forwarding findElement on session 8c7e409f760bf6930212a8db0df8054e to remote] org.apache.http.headers 
  DEBUG http-outgoing-0 << Content-Length:102
2020-Mar-15 15:43:38,725 [Forwarding findElement on session 8c7e409f760bf6930212a8db0df8054e to remote] org.apache.http.headers 
  DEBUG http-outgoing-0 << Content-Type:application/json; charset=utf-8
2020-Mar-15 15:43:38,725 [Forwarding findElement on session 8c7e409f760bf6930212a8db0df8054e to remote] org.apache.http.impl.execchain.MainClientExec 
  DEBUG Connection can be kept alive indefinitely
2020-Mar-15 15:43:38,725 [Forwarding findElement on session 8c7e409f760bf6930212a8db0df8054e to remote] org.apache.http.impl.conn.PoolingHttpClientConnectionManager 
  DEBUG Connection [id: 0][route: {}->http://localhost:1891] can be kept alive indefinitely
2020-Mar-15 15:43:38,725 [Forwarding findElement on session 8c7e409f760bf6930212a8db0df8054e to remote] org.apache.http.impl.conn.PoolingHttpClientConnectionManager 
  DEBUG Connection released: [id: 0][route: {}->http://localhost:1891][total kept alive: 1; route allocated: 1 of 2000; total allocated: 1 of 2000]
2020-Mar-15 15:43:38,728 [Forwarding clickElement on session 8c7e409f760bf6930212a8db0df8054e to remote] org.apache.http.client.protocol.RequestAddCookies 
  DEBUG CookieSpec selected: default
2020-Mar-15 15:43:38,728 [Forwarding clickElement on session 8c7e409f760bf6930212a8db0df8054e to remote] org.apache.http.client.protocol.RequestAuthCache 
  DEBUG Auth cache not set in the context
2020-Mar-15 15:43:38,728 [Forwarding clickElement on session 8c7e409f760bf6930212a8db0df8054e to remote] org.apache.http.impl.conn.PoolingHttpClientConnectionManager 
  DEBUG Connection request: [route: {}->http://localhost:1891][total kept alive: 1; route allocated: 1 of 2000; total allocated: 1 of 2000]
2020-Mar-15 15:43:38,729 [Forwarding clickElement on session 8c7e409f760bf6930212a8db0df8054e to remote] org.apache.http.impl.conn.PoolingHttpClientConnectionManager 
  DEBUG Connection leased: [id: 0][route: {}->http://localhost:1891][total kept alive: 0; route allocated: 1 of 2000; total allocated: 1 of 2000]
2020-Mar-15 15:43:38,729 [Forwarding clickElement on session 8c7e409f760bf6930212a8db0df8054e to remote] org.apache.http.impl.execchain.MainClientExec 
  DEBUG Stale connection check
2020-Mar-15 15:43:38,730 [Forwarding clickElement on session 8c7e409f760bf6930212a8db0df8054e to remote] org.apache.http.wire 
  DEBUG http-outgoing-0 << "[read] I/O error: Read timed out"
2020-Mar-15 15:43:38,730 [Forwarding clickElement on session 8c7e409f760bf6930212a8db0df8054e to remote] org.apache.http.impl.conn.DefaultManagedHttpClientConnection 
  DEBUG http-outgoing-0: set socket timeout to 10800000
2020-Mar-15 15:43:38,730 [Forwarding clickElement on session 8c7e409f760bf6930212a8db0df8054e to remote] org.apache.http.impl.execchain.MainClientExec 
  DEBUG Executing request POST /session/8c7e409f760bf6930212a8db0df8054e/element/0.6387784624635222-2/click HTTP/1.1
2020-Mar-15 15:43:38,730 [Forwarding clickElement on session 8c7e409f760bf6930212a8db0df8054e to remote] org.apache.http.impl.execchain.MainClientExec 
  DEBUG Target auth state: UNCHALLENGED
2020-Mar-15 15:43:38,730 [Forwarding clickElement on session 8c7e409f760bf6930212a8db0df8054e to remote] org.apache.http.impl.execchain.MainClientExec 
  DEBUG Proxy auth state: UNCHALLENGED
2020-Mar-15 15:43:38,730 [Forwarding clickElement on session 8c7e409f760bf6930212a8db0df8054e to remote] org.apache.http.headers 
  DEBUG http-outgoing-0 >> POST /session/8c7e409f760bf6930212a8db0df8054e/element/0.6387784624635222-2/click HTTP/1.1
2020-Mar-15 15:43:38,730 [Forwarding clickElement on session 8c7e409f760bf6930212a8db0df8054e to remote] org.apache.http.headers 
  DEBUG http-outgoing-0 >> Content-Type: application/json; charset=utf-8
2020-Mar-15 15:43:38,730 [Forwarding clickElement on session 8c7e409f760bf6930212a8db0df8054e to remote] org.apache.http.headers 
  DEBUG http-outgoing-0 >> Content-Length: 29
2020-Mar-15 15:43:38,730 [Forwarding clickElement on session 8c7e409f760bf6930212a8db0df8054e to remote] org.apache.http.headers 
  DEBUG http-outgoing-0 >> Host: localhost:1891
2020-Mar-15 15:43:38,730 [Forwarding clickElement on session 8c7e409f760bf6930212a8db0df8054e to remote] org.apache.http.headers 
  DEBUG http-outgoing-0 >> Connection: Keep-Alive
2020-Mar-15 15:43:38,730 [Forwarding clickElement on session 8c7e409f760bf6930212a8db0df8054e to remote] org.apache.http.headers 
  DEBUG http-outgoing-0 >> User-Agent: Apache-HttpClient/4.5.1 (Java/1.8.0_171)
2020-Mar-15 15:43:38,731 [Forwarding clickElement on session 8c7e409f760bf6930212a8db0df8054e to remote] org.apache.http.headers 
  DEBUG http-outgoing-0 >> Accept-Encoding: gzip,deflate
2020-Mar-15 15:43:38,731 [Forwarding clickElement on session 8c7e409f760bf6930212a8db0df8054e to remote] org.apache.http.wire 
  DEBUG http-outgoing-0 >> "POST /session/8c7e409f760bf6930212a8db0df8054e/element/0.6387784624635222-2/click HTTP/1.1[\r][\n]"
2020-Mar-15 15:43:38,731 [Forwarding clickElement on session 8c7e409f760bf6930212a8db0df8054e to remote] org.apache.http.wire 
  DEBUG http-outgoing-0 >> "Content-Type: application/json; charset=utf-8[\r][\n]"
2020-Mar-15 15:43:38,731 [Forwarding clickElement on session 8c7e409f760bf6930212a8db0df8054e to remote] org.apache.http.wire 
  DEBUG http-outgoing-0 >> "Content-Length: 29[\r][\n]"
2020-Mar-15 15:43:38,731 [Forwarding clickElement on session 8c7e409f760bf6930212a8db0df8054e to remote] org.apache.http.wire 
  DEBUG http-outgoing-0 >> "Host: localhost:1891[\r][\n]"
2020-Mar-15 15:43:38,731 [Forwarding clickElement on session 8c7e409f760bf6930212a8db0df8054e to remote] org.apache.http.wire 
  DEBUG http-outgoing-0 >> "Connection: Keep-Alive[\r][\n]"
2020-Mar-15 15:43:38,731 [Forwarding clickElement on session 8c7e409f760bf6930212a8db0df8054e to remote] org.apache.http.wire 
  DEBUG http-outgoing-0 >> "User-Agent: Apache-HttpClient/4.5.1 (Java/1.8.0_171)[\r][\n]"
2020-Mar-15 15:43:38,732 [Forwarding clickElement on session 8c7e409f760bf6930212a8db0df8054e to remote] org.apache.http.wire 
  DEBUG http-outgoing-0 >> "Accept-Encoding: gzip,deflate[\r][\n]"
2020-Mar-15 15:43:38,732 [Forwarding clickElement on session 8c7e409f760bf6930212a8db0df8054e to remote] org.apache.http.wire 
  DEBUG http-outgoing-0 >> "[\r][\n]"
2020-Mar-15 15:43:38,732 [Forwarding clickElement on session 8c7e409f760bf6930212a8db0df8054e to remote] org.apache.http.wire 
  DEBUG http-outgoing-0 >> "{"id":"0.6387784624635222-2"}"
2020-Mar-15 15:43:48,348 [Forwarding clickElement on session 8c7e409f760bf6930212a8db0df8054e to remote] org.apache.http.wire 
  DEBUG http-outgoing-0 << "HTTP/1.1 200 OK[\r][\n]"
2020-Mar-15 15:43:48,348 [Forwarding clickElement on session 8c7e409f760bf6930212a8db0df8054e to remote] org.apache.http.wire 
  DEBUG http-outgoing-0 << "Content-Length:72[\r][\n]"
2020-Mar-15 15:43:48,348 [Forwarding clickElement on session 8c7e409f760bf6930212a8db0df8054e to remote] org.apache.http.wire 
  DEBUG http-outgoing-0 << "Content-Type:application/json; charset=utf-8[\r][\n]"
2020-Mar-15 15:43:48,348 [Forwarding clickElement on session 8c7e409f760bf6930212a8db0df8054e to remote] org.apache.http.wire 
  DEBUG http-outgoing-0 << "[\r][\n]"
2020-Mar-15 15:43:48,348 [Forwarding clickElement on session 8c7e409f760bf6930212a8db0df8054e to remote] org.apache.http.wire 
  DEBUG http-outgoing-0 << "{"sessionId":"8c7e409f760bf6930212a8db0df8054e","status":0,"value":null}"
2020-Mar-15 15:43:48,348 [Forwarding clickElement on session 8c7e409f760bf6930212a8db0df8054e to remote] org.apache.http.headers 
  DEBUG http-outgoing-0 << HTTP/1.1 200 OK
2020-Mar-15 15:43:48,348 [Forwarding clickElement on session 8c7e409f760bf6930212a8db0df8054e to remote] org.apache.http.headers 
  DEBUG http-outgoing-0 << Content-Length:72
2020-Mar-15 15:43:48,348 [Forwarding clickElement on session 8c7e409f760bf6930212a8db0df8054e to remote] org.apache.http.headers 
  DEBUG http-outgoing-0 << Content-Type:application/json; charset=utf-8
2020-Mar-15 15:43:48,349 [Forwarding clickElement on session 8c7e409f760bf6930212a8db0df8054e to remote] org.apache.http.impl.execchain.MainClientExec 
  DEBUG Connection can be kept alive indefinitely
2020-Mar-15 15:43:48,349 [Forwarding clickElement on session 8c7e409f760bf6930212a8db0df8054e to remote] org.apache.http.impl.conn.PoolingHttpClientConnectionManager 
  DEBUG Connection [id: 0][route: {}->http://localhost:1891] can be kept alive indefinitely
2020-Mar-15 15:43:48,349 [Forwarding clickElement on session 8c7e409f760bf6930212a8db0df8054e to remote] org.apache.http.impl.conn.PoolingHttpClientConnectionManager 
  DEBUG Connection released: [id: 0][route: {}->http://localhost:1891][total kept alive: 1; route allocated: 1 of 2000; total allocated: 1 of 2000]
2020-Mar-15 15:43:48,351 [Forwarding close on session 8c7e409f760bf6930212a8db0df8054e to remote] org.apache.http.client.protocol.RequestAddCookies 
  DEBUG CookieSpec selected: default
2020-Mar-15 15:43:48,351 [Forwarding close on session 8c7e409f760bf6930212a8db0df8054e to remote] org.apache.http.client.protocol.RequestAuthCache 
  DEBUG Auth cache not set in the context
2020-Mar-15 15:43:48,352 [Forwarding close on session 8c7e409f760bf6930212a8db0df8054e to remote] org.apache.http.impl.conn.PoolingHttpClientConnectionManager 
  DEBUG Connection request: [route: {}->http://localhost:1891][total kept alive: 1; route allocated: 1 of 2000; total allocated: 1 of 2000]
2020-Mar-15 15:43:48,352 [Forwarding close on session 8c7e409f760bf6930212a8db0df8054e to remote] org.apache.http.impl.conn.PoolingHttpClientConnectionManager 
  DEBUG Connection leased: [id: 0][route: {}->http://localhost:1891][total kept alive: 0; route allocated: 1 of 2000; total allocated: 1 of 2000]
2020-Mar-15 15:43:48,352 [Forwarding close on session 8c7e409f760bf6930212a8db0df8054e to remote] org.apache.http.impl.execchain.MainClientExec 
  DEBUG Stale connection check
2020-Mar-15 15:43:48,353 [Forwarding close on session 8c7e409f760bf6930212a8db0df8054e to remote] org.apache.http.wire 
  DEBUG http-outgoing-0 << "[read] I/O error: Read timed out"
2020-Mar-15 15:43:48,353 [Forwarding close on session 8c7e409f760bf6930212a8db0df8054e to remote] org.apache.http.impl.conn.DefaultManagedHttpClientConnection 
  DEBUG http-outgoing-0: set socket timeout to 10800000
2020-Mar-15 15:43:48,353 [Forwarding close on session 8c7e409f760bf6930212a8db0df8054e to remote] org.apache.http.impl.execchain.MainClientExec 
  DEBUG Executing request DELETE /session/8c7e409f760bf6930212a8db0df8054e/window HTTP/1.1
2020-Mar-15 15:43:48,353 [Forwarding close on session 8c7e409f760bf6930212a8db0df8054e to remote] org.apache.http.impl.execchain.MainClientExec 
  DEBUG Target auth state: UNCHALLENGED
2020-Mar-15 15:43:48,353 [Forwarding close on session 8c7e409f760bf6930212a8db0df8054e to remote] org.apache.http.impl.execchain.MainClientExec 
  DEBUG Proxy auth state: UNCHALLENGED
2020-Mar-15 15:43:48,353 [Forwarding close on session 8c7e409f760bf6930212a8db0df8054e to remote] org.apache.http.headers 
  DEBUG http-outgoing-0 >> DELETE /session/8c7e409f760bf6930212a8db0df8054e/window HTTP/1.1
2020-Mar-15 15:43:48,353 [Forwarding close on session 8c7e409f760bf6930212a8db0df8054e to remote] org.apache.http.headers 
  DEBUG http-outgoing-0 >> Host: localhost:1891
2020-Mar-15 15:43:48,353 [Forwarding close on session 8c7e409f760bf6930212a8db0df8054e to remote] org.apache.http.headers 
  DEBUG http-outgoing-0 >> Connection: Keep-Alive
2020-Mar-15 15:43:48,353 [Forwarding close on session 8c7e409f760bf6930212a8db0df8054e to remote] org.apache.http.headers 
  DEBUG http-outgoing-0 >> User-Agent: Apache-HttpClient/4.5.1 (Java/1.8.0_171)
2020-Mar-15 15:43:48,353 [Forwarding close on session 8c7e409f760bf6930212a8db0df8054e to remote] org.apache.http.headers 
  DEBUG http-outgoing-0 >> Accept-Encoding: gzip,deflate
2020-Mar-15 15:43:48,353 [Forwarding close on session 8c7e409f760bf6930212a8db0df8054e to remote] org.apache.http.wire 
  DEBUG http-outgoing-0 >> "DELETE /session/8c7e409f760bf6930212a8db0df8054e/window HTTP/1.1[\r][\n]"
2020-Mar-15 15:43:48,354 [Forwarding close on session 8c7e409f760bf6930212a8db0df8054e to remote] org.apache.http.wire 
  DEBUG http-outgoing-0 >> "Host: localhost:1891[\r][\n]"
2020-Mar-15 15:43:48,354 [Forwarding close on session 8c7e409f760bf6930212a8db0df8054e to remote] org.apache.http.wire 
  DEBUG http-outgoing-0 >> "Connection: Keep-Alive[\r][\n]"
2020-Mar-15 15:43:48,354 [Forwarding close on session 8c7e409f760bf6930212a8db0df8054e to remote] org.apache.http.wire 
  DEBUG http-outgoing-0 >> "User-Agent: Apache-HttpClient/4.5.1 (Java/1.8.0_171)[\r][\n]"
2020-Mar-15 15:43:48,354 [Forwarding close on session 8c7e409f760bf6930212a8db0df8054e to remote] org.apache.http.wire 
  DEBUG http-outgoing-0 >> "Accept-Encoding: gzip,deflate[\r][\n]"
2020-Mar-15 15:43:48,354 [Forwarding close on session 8c7e409f760bf6930212a8db0df8054e to remote] org.apache.http.wire 
  DEBUG http-outgoing-0 >> "[\r][\n]"
2020-Mar-15 15:43:48,487 [Forwarding close on session 8c7e409f760bf6930212a8db0df8054e to remote] org.apache.http.wire 
  DEBUG http-outgoing-0 << "HTTP/1.1 200 OK[\r][\n]"
2020-Mar-15 15:43:48,487 [Forwarding close on session 8c7e409f760bf6930212a8db0df8054e to remote] org.apache.http.wire 
  DEBUG http-outgoing-0 << "Content-Length:72[\r][\n]"
2020-Mar-15 15:43:48,487 [Forwarding close on session 8c7e409f760bf6930212a8db0df8054e to remote] org.apache.http.wire 
  DEBUG http-outgoing-0 << "Content-Type:application/json; charset=utf-8[\r][\n]"
2020-Mar-15 15:43:48,487 [Forwarding close on session 8c7e409f760bf6930212a8db0df8054e to remote] org.apache.http.wire 
  DEBUG http-outgoing-0 << "[\r][\n]"
2020-Mar-15 15:43:48,488 [Forwarding close on session 8c7e409f760bf6930212a8db0df8054e to remote] org.apache.http.wire 
  DEBUG http-outgoing-0 << "{"sessionId":"8c7e409f760bf6930212a8db0df8054e","status":0,"value":null}"
2020-Mar-15 15:43:48,488 [Forwarding close on session 8c7e409f760bf6930212a8db0df8054e to remote] org.apache.http.headers 
  DEBUG http-outgoing-0 << HTTP/1.1 200 OK
2020-Mar-15 15:43:48,488 [Forwarding close on session 8c7e409f760bf6930212a8db0df8054e to remote] org.apache.http.headers 
  DEBUG http-outgoing-0 << Content-Length:72
2020-Mar-15 15:43:48,488 [Forwarding close on session 8c7e409f760bf6930212a8db0df8054e to remote] org.apache.http.headers 
  DEBUG http-outgoing-0 << Content-Type:application/json; charset=utf-8
2020-Mar-15 15:43:48,488 [Forwarding close on session 8c7e409f760bf6930212a8db0df8054e to remote] org.apache.http.impl.execchain.MainClientExec 
  DEBUG Connection can be kept alive indefinitely
2020-Mar-15 15:43:48,488 [Forwarding close on session 8c7e409f760bf6930212a8db0df8054e to remote] org.apache.http.impl.conn.PoolingHttpClientConnectionManager 
  DEBUG Connection [id: 0][route: {}->http://localhost:1891] can be kept alive indefinitely
2020-Mar-15 15:43:48,489 [Forwarding close on session 8c7e409f760bf6930212a8db0df8054e to remote] org.apache.http.impl.conn.PoolingHttpClientConnectionManager 
  DEBUG Connection released: [id: 0][route: {}->http://localhost:1891][total kept alive: 1; route allocated: 1 of 2000; total allocated: 1 of 2000]
